<?xml version="1.0" encoding="UTF-8"?>
<!-- Generated by org.testng.reporters.JUnitXMLReporter -->
<testsuite ignored="0" hostname="Om" failures="1" tests="1" name="All Scenarios" time="7.443" errors="0" timestamp="2026-08-10T20:10:51 IST">
  <testcase classname="TestCases.UpdateNaukriResume" name="updateResume" time="6.4">
    <failure type="com.microsoft.playwright.PlaywrightException" message="Error {
  message=&amp;apos;Error: strict mode violation: locator(&amp;quot;div.widgetHead&amp;quot;).filter(new Locator.FilterOptions().setHasText(&amp;quot;&amp;quot;)).locator(&amp;quot;span.edit.icon&amp;quot;) resolved to 2 elements:
    1) &amp;lt;span class=&amp;quot;edit icon&amp;quot;&amp;gt;editOneTheme&amp;lt;/span&amp;gt; aka locator(&amp;quot;#lazyResumeHead&amp;quot;).getByText(&amp;quot;editOneTheme&amp;quot;)
    2) &amp;lt;span class=&amp;quot;edit icon&amp;quot;&amp;gt;editOneTheme&amp;lt;/span&amp;gt; aka locator(&amp;quot;#lazyKeySkills&amp;quot;).getByText(&amp;quot;editOneTheme&amp;quot;)

  name=&amp;apos;Error
  stack=&amp;apos;Error: Error: strict mode violation: locator(&amp;quot;div.widgetHead&amp;quot;).filter(new Locator.FilterOptions().setHasText(&amp;quot;&amp;quot;)).locator(&amp;quot;span.edit.icon&amp;quot;) resolved to 2 elements:
    1) &amp;lt;span class=&amp;quot;edit icon&amp;quot;&amp;gt;editOneTheme&amp;lt;/span&amp;gt; aka locator(&amp;quot;#lazyResumeHead&amp;quot;).getByText(&amp;quot;editOneTheme&amp;quot;)
    2) &amp;lt;span class=&amp;quot;edit icon&amp;quot;&amp;gt;editOneTheme&amp;lt;/span&amp;gt; aka locator(&amp;quot;#lazyKeySkills&amp;quot;).getByText(&amp;quot;editOneTheme&amp;quot;)

    at CRExecutionContext.evaluateWithArguments (C:\Users\supra\AppData\Local\Temp\playwright-java-12624207717078226933\package\lib\coreBundle.js:35397:17)
    at async LongStandingScope._race (C:\Users\supra\AppData\Local\Temp\playwright-java-12624207717078226933\package\lib\coreBundle.js:3226:18)
    at async evaluateExpression (C:\Users\supra\AppData\Local\Temp\playwright-java-12624207717078226933\package\lib\coreBundle.js:19157:12)
    at async FrameSelectors.callOnSelectorHandle (C:\Users\supra\AppData\Local\Temp\playwright-java-12624207717078226933\package\lib\coreBundle.js:20497:25)
    at async C:\Users\supra\AppData\Local\Temp\playwright-java-12624207717078226933\package\lib\coreBundle.js:23497:28
    at async _Frame.retryWithProgressAndTimeouts (C:\Users\supra\AppData\Local\Temp\playwright-java-12624207717078226933\package\lib\coreBundle.js:23468:29)
    at async _Frame.retryWithProgressAndBackoff (C:\Users\supra\AppData\Local\Temp\playwright-java-12624207717078226933\package\lib\coreBundle.js:23452:16)
    at async _Frame.click (C:\Users\supra\AppData\Local\Temp\playwright-java-12624207717078226933\package\lib\coreBundle.js:23544:27)
    at async _FrameDispatcher.click (C:\Users\supra\AppData\Local\Temp\playwright-java-12624207717078226933\package\lib\coreBundle.js:54436:16)
    at async _ProgressController.run (C:\Users\supra\AppData\Local\Temp\playwright-java-12624207717078226933\package\lib\coreBundle.js:12149:27)
}
Call log:
-   - waiting for locator(&amp;quot;div.widgetHead&amp;quot;).filter(new Locator.FilterOptions().setHasText(&amp;quot;&amp;quot;)).locator(&amp;quot;span.edit.icon&amp;quot;)
">
      <![CDATA[com.microsoft.playwright.PlaywrightException: Error {
  message='Error: strict mode violation: locator("div.widgetHead").filter(new Locator.FilterOptions().setHasText("")).locator("span.edit.icon") resolved to 2 elements:
    1) <span class="edit icon">editOneTheme</span> aka locator("#lazyResumeHead").getByText("editOneTheme")
    2) <span class="edit icon">editOneTheme</span> aka locator("#lazyKeySkills").getByText("editOneTheme")

  name='Error
  stack='Error: Error: strict mode violation: locator("div.widgetHead").filter(new Locator.FilterOptions().setHasText("")).locator("span.edit.icon") resolved to 2 elements:
    1) <span class="edit icon">editOneTheme</span> aka locator("#lazyResumeHead").getByText("editOneTheme")
    2) <span class="edit icon">editOneTheme</span> aka locator("#lazyKeySkills").getByText("editOneTheme")

    at CRExecutionContext.evaluateWithArguments (C:\Users\supra\AppData\Local\Temp\playwright-java-12624207717078226933\package\lib\coreBundle.js:35397:17)
    at async LongStandingScope._race (C:\Users\supra\AppData\Local\Temp\playwright-java-12624207717078226933\package\lib\coreBundle.js:3226:18)
    at async evaluateExpression (C:\Users\supra\AppData\Local\Temp\playwright-java-12624207717078226933\package\lib\coreBundle.js:19157:12)
    at async FrameSelectors.callOnSelectorHandle (C:\Users\supra\AppData\Local\Temp\playwright-java-12624207717078226933\package\lib\coreBundle.js:20497:25)
    at async C:\Users\supra\AppData\Local\Temp\playwright-java-12624207717078226933\package\lib\coreBundle.js:23497:28
    at async _Frame.retryWithProgressAndTimeouts (C:\Users\supra\AppData\Local\Temp\playwright-java-12624207717078226933\package\lib\coreBundle.js:23468:29)
    at async _Frame.retryWithProgressAndBackoff (C:\Users\supra\AppData\Local\Temp\playwright-java-12624207717078226933\package\lib\coreBundle.js:23452:16)
    at async _Frame.click (C:\Users\supra\AppData\Local\Temp\playwright-java-12624207717078226933\package\lib\coreBundle.js:23544:27)
    at async _FrameDispatcher.click (C:\Users\supra\AppData\Local\Temp\playwright-java-12624207717078226933\package\lib\coreBundle.js:54436:16)
    at async _ProgressController.run (C:\Users\supra\AppData\Local\Temp\playwright-java-12624207717078226933\package\lib\coreBundle.js:12149:27)
}
Call log:
-   - waiting for locator("div.widgetHead").filter(new Locator.FilterOptions().setHasText("")).locator("span.edit.icon")

at com.microsoft.playwright.impl.WaitableResult.get(WaitableResult.java:58)
at com.microsoft.playwright.impl.ChannelOwner.runUntil(ChannelOwner.java:147)
at com.microsoft.playwright.impl.Connection.sendMessage(Connection.java:136)
at com.microsoft.playwright.impl.ChannelOwner.sendMessage(ChannelOwner.java:133)
at com.microsoft.playwright.impl.FrameImpl.clickImpl(FrameImpl.java:244)
at com.microsoft.playwright.impl.LocatorImpl.click(LocatorImpl.java:173)
at com.microsoft.playwright.Locator.click(Locator.java:2837)
at Pages.Naukri.NaukriProfilePage.editResumeHeadline(NaukriProfilePage.java:23)
at TestCases.UpdateNaukriResume.updateResume(UpdateNaukriResume.java:32)
at java.base/java.util.ArrayList.forEach(ArrayList.java:1596)
Caused by: com.microsoft.playwright.impl.DriverException: Error {
  message='Error: strict mode violation: locator("div.widgetHead").filter(new Locator.FilterOptions().setHasText("")).locator("span.edit.icon") resolved to 2 elements:
    1) <span class="edit icon">editOneTheme</span> aka locator("#lazyResumeHead").getByText("editOneTheme")
    2) <span class="edit icon">editOneTheme</span> aka locator("#lazyKeySkills").getByText("editOneTheme")

  name='Error
  stack='Error: Error: strict mode violation: locator("div.widgetHead").filter(new Locator.FilterOptions().setHasText("")).locator("span.edit.icon") resolved to 2 elements:
    1) <span class="edit icon">editOneTheme</span> aka locator("#lazyResumeHead").getByText("editOneTheme")
    2) <span class="edit icon">editOneTheme</span> aka locator("#lazyKeySkills").getByText("editOneTheme")

    at CRExecutionContext.evaluateWithArguments (C:\Users\supra\AppData\Local\Temp\playwright-java-12624207717078226933\package\lib\coreBundle.js:35397:17)
    at async LongStandingScope._race (C:\Users\supra\AppData\Local\Temp\playwright-java-12624207717078226933\package\lib\coreBundle.js:3226:18)
    at async evaluateExpression (C:\Users\supra\AppData\Local\Temp\playwright-java-12624207717078226933\package\lib\coreBundle.js:19157:12)
    at async FrameSelectors.callOnSelectorHandle (C:\Users\supra\AppData\Local\Temp\playwright-java-12624207717078226933\package\lib\coreBundle.js:20497:25)
    at async C:\Users\supra\AppData\Local\Temp\playwright-java-12624207717078226933\package\lib\coreBundle.js:23497:28
    at async _Frame.retryWithProgressAndTimeouts (C:\Users\supra\AppData\Local\Temp\playwright-java-12624207717078226933\package\lib\coreBundle.js:23468:29)
    at async _Frame.retryWithProgressAndBackoff (C:\Users\supra\AppData\Local\Temp\playwright-java-12624207717078226933\package\lib\coreBundle.js:23452:16)
    at async _Frame.click (C:\Users\supra\AppData\Local\Temp\playwright-java-12624207717078226933\package\lib\coreBundle.js:23544:27)
    at async _FrameDispatcher.click (C:\Users\supra\AppData\Local\Temp\playwright-java-12624207717078226933\package\lib\coreBundle.js:54436:16)
    at async _ProgressController.run (C:\Users\supra\AppData\Local\Temp\playwright-java-12624207717078226933\package\lib\coreBundle.js:12149:27)
}
Call log:
-   - waiting for locator("div.widgetHead").filter(new Locator.FilterOptions().setHasText("")).locator("span.edit.icon")

at com.microsoft.playwright.impl.Connection.dispatch(Connection.java:277)
at com.microsoft.playwright.impl.Connection.processOneMessage(Connection.java:229)
at com.microsoft.playwright.impl.ChannelOwner.runUntil(ChannelOwner.java:145)
... 37 more
... Removed 29 stack frames]]>
    </failure>
  </testcase> <!-- updateResume -->
</testsuite> <!-- All Scenarios -->
