<?xml version="1.0" encoding="UTF-8"?>
<testng-results ignored="0" total="1" passed="1" failed="0" skipped="0">
  <reporter-output>
  </reporter-output>
  <suite started-at="2026-08-10T00:13:03 IST" name="Playwright-Java-Demo" finished-at="2026-08-10T00:13:17 IST" duration-ms="14289">
    <groups>
    </groups>
    <test started-at="2026-08-10T00:13:03 IST" name="All Scenarios" finished-at="2026-08-10T00:13:17 IST" duration-ms="14289">
      <class name="TestCases.UpdateNaukriResume">
        <test-method is-config="true" signature="setUpPlaywright()[pri:0, instance:TestCases.UpdateNaukriResume@43195e57]" started-at="2026-08-10T00:12:54 IST" name="setUpPlaywright" finished-at="2026-08-10T00:13:03 IST" duration-ms="8899" status="PASS">
          <reporter-output>
          </reporter-output>
        </test-method> <!-- setUpPlaywright -->
        <test-method is-config="true" signature="setUpBrowser()[pri:0, instance:TestCases.UpdateNaukriResume@43195e57]" started-at="2026-08-10T00:13:03 IST" name="setUpBrowser" finished-at="2026-08-10T00:13:04 IST" duration-ms="705" status="PASS">
          <reporter-output>
          </reporter-output>
        </test-method> <!-- setUpBrowser -->
        <test-method is-config="true" signature="setUpPage()[pri:0, instance:TestCases.UpdateNaukriResume@43195e57]" started-at="2026-08-10T00:13:04 IST" name="setUpPage" finished-at="2026-08-10T00:13:04 IST" duration-ms="383" status="PASS">
          <reporter-output>
          </reporter-output>
        </test-method> <!-- setUpPage -->
        <test-method signature="updateResume()[pri:0, instance:TestCases.UpdateNaukriResume@43195e57]" started-at="2026-08-10T00:13:04 IST" name="updateResume" finished-at="2026-08-10T00:13:17 IST" duration-ms="13086" status="PASS">
          <reporter-output>
          </reporter-output>
        </test-method> <!-- updateResume -->
        <test-method is-config="true" signature="tearDownBrowser()[pri:0, instance:TestCases.UpdateNaukriResume@43195e57]" started-at="2026-08-10T00:13:17 IST" name="tearDownBrowser" finished-at="2026-08-10T00:13:17 IST" duration-ms="2" status="PASS">
          <reporter-output>
          </reporter-output>
        </test-method> <!-- tearDownBrowser -->
      </class> <!-- TestCases.UpdateNaukriResume -->
    </test> <!-- All Scenarios -->
  </suite> <!-- Playwright-Java-Demo -->
</testng-results>
