<?xml version="1.0" encoding="UTF-8"?>
<testng-results ignored="0" total="1" passed="1" failed="0" skipped="0">
  <reporter-output>
  </reporter-output>
  <suite started-at="2026-09-22T09:38:51 IST" name="Playwright-Java-Demo" finished-at="2026-09-22T09:39:05 IST" duration-ms="13998">
    <groups>
    </groups>
    <test started-at="2026-09-22T09:38:51 IST" name="All Scenarios" finished-at="2026-09-22T09:39:05 IST" duration-ms="13998">
      <class name="TestCases.UpdateNaukriResume">
        <test-method is-config="true" signature="setUpPlaywright()[pri:0, instance:TestCases.UpdateNaukriResume@498d318c]" started-at="2026-09-22T09:38:40 IST" name="setUpPlaywright" finished-at="2026-09-22T09:38:51 IST" duration-ms="10298" status="PASS">
          <reporter-output>
          </reporter-output>
        </test-method> <!-- setUpPlaywright -->
        <test-method is-config="true" signature="setUpBrowser()[pri:0, instance:TestCases.UpdateNaukriResume@498d318c]" started-at="2026-09-22T09:38:51 IST" name="setUpBrowser" finished-at="2026-09-22T09:38:51 IST" duration-ms="723" status="PASS">
          <reporter-output>
          </reporter-output>
        </test-method> <!-- setUpBrowser -->
        <test-method is-config="true" signature="setUpPage()[pri:0, instance:TestCases.UpdateNaukriResume@498d318c]" started-at="2026-09-22T09:38:51 IST" name="setUpPage" finished-at="2026-09-22T09:38:52 IST" duration-ms="379" status="PASS">
          <reporter-output>
          </reporter-output>
        </test-method> <!-- setUpPage -->
        <test-method signature="updateResume()[pri:0, instance:TestCases.UpdateNaukriResume@498d318c]" started-at="2026-09-22T09:38:52 IST" name="updateResume" finished-at="2026-09-22T09:39:05 IST" duration-ms="12823" status="PASS">
          <reporter-output>
          </reporter-output>
        </test-method> <!-- updateResume -->
        <test-method is-config="true" signature="tearDownBrowser()[pri:0, instance:TestCases.UpdateNaukriResume@498d318c]" started-at="2026-09-22T09:39:05 IST" name="tearDownBrowser" finished-at="2026-09-22T09:39:05 IST" duration-ms="2" status="PASS">
          <reporter-output>
          </reporter-output>
        </test-method> <!-- tearDownBrowser -->
      </class> <!-- TestCases.UpdateNaukriResume -->
    </test> <!-- All Scenarios -->
  </suite> <!-- Playwright-Java-Demo -->
</testng-results>
