<?xml version="1.0" encoding="UTF-8"?>
<testsuite xmlns:xsi="http://www.w3.org/2001/XMLSchema-instance" xsi:noNamespaceSchemaLocation="https://maven.apache.org/surefire/maven-surefire-plugin/xsd/surefire-test-report-3.0.xsd" version="3.0" name="TestSuite" time="55.251" tests="7" errors="0" skipped="0" failures="0">
  <properties>
[...]
</properties>
  <testcase name="runScenario[&quot;Inventory page loads with correct product count&quot;, &quot;Product inventory&quot;](1)" classname="com.demo.runner.TestRunner" time="31.532">
    <system-out><![CDATA[
Scenario: Inventory page loads with correct product count              # src/test/resources/features/inventory.feature:10
▶ Starting: Inventory page loads with correct product count
  Given I am logged in as "standard_user" with password "secret_sauce" # com.demo.steps.InventorySteps.iAmLoggedInAs(java.lang.String,java.lang.String)
  Then I should see 6 products on the inventory page                   # com.demo.steps.InventorySteps.iShouldSeeProductsOnTheInventoryPage(int)
⏹ Finished: Inventory page loads with correct product count | Status: PASSED
]]></system-out>
    <system-err><![CDATA[SLF4J: Failed to load class "org.slf4j.impl.StaticLoggerBinder".
SLF4J: Defaulting to no-operation (NOP) logger implementation
SLF4J: See http://www.slf4j.org/codes.html#StaticLoggerBinder for further details.
]]></system-err>
  </testcase>
  <testcase name="runScenario[&quot;Add a specific product to cart&quot;, &quot;Product inventory&quot;](2)" classname="com.demo.runner.TestRunner" time="3.525">
    <system-out><![CDATA[
Scenario: Add a specific product to cart                               # src/test/resources/features/inventory.feature:13
▶ Starting: Add a specific product to cart
  Given I am logged in as "standard_user" with password "secret_sauce" # com.demo.steps.InventorySteps.iAmLoggedInAs(java.lang.String,java.lang.String)
  When I add "Sauce Labs Backpack" to the cart                         # com.demo.steps.InventorySteps.iAddProductToCart(java.lang.String)
  Then the cart badge should show 1 item                               # com.demo.steps.InventorySteps.theCartBadgeShouldShow(int)
⏹ Finished: Add a specific product to cart | Status: PASSED
]]></system-out>
  </testcase>
  <testcase name="runScenario[&quot;Add first available product to cart&quot;, &quot;Product inventory&quot;](3)" classname="com.demo.runner.TestRunner" time="3.469">
    <system-out><![CDATA[
Scenario: Add first available product to cart                          # src/test/resources/features/inventory.feature:17
▶ Starting: Add first available product to cart
  Given I am logged in as "standard_user" with password "secret_sauce" # com.demo.steps.InventorySteps.iAmLoggedInAs(java.lang.String,java.lang.String)
  When I add the first product to the cart                             # com.demo.steps.InventorySteps.iAddFirstProductToCart()
  Then the cart badge should show 1 item                               # com.demo.steps.InventorySteps.theCartBadgeShouldShow(int)
⏹ Finished: Add first available product to cart | Status: PASSED
]]></system-out>
  </testcase>
  <testcase name="runScenario[&quot;Successful login with valid credentials&quot;, &quot;Login functionality&quot;](4)" classname="com.demo.runner.TestRunner" time="4.885">
    <system-out><![CDATA[
Scenario: Successful login with valid credentials                   # src/test/resources/features/login.feature:15
▶ Starting: Successful login with valid credentials
  Given I am on the login page                                      # com.demo.steps.LoginSteps.iAmOnTheLoginPage()
  When I enter username "standard_user" and password "secret_sauce" # com.demo.steps.LoginSteps.iEnterUsernameAndPassword(java.lang.String,java.lang.String)
  And I click the login button                                      # com.demo.steps.LoginSteps.iClickTheLoginButton()
  Then I should be on the inventory page                            # com.demo.steps.LoginSteps.iShouldBeOnTheInventoryPage()
⏹ Finished: Successful login with valid credentials | Status: PASSED
]]></system-out>
  </testcase>
  <testcase name="runScenario[&quot;Login fails with locked out user&quot;, &quot;Login functionality&quot;](5)" classname="com.demo.runner.TestRunner" time="3.574">
    <system-out><![CDATA[
Scenario: Login fails with locked out user                               # src/test/resources/features/login.feature:20
▶ Starting: Login fails with locked out user
  Given I am on the login page                                           # com.demo.steps.LoginSteps.iAmOnTheLoginPage()
  When I enter username "locked_out_user" and password "secret_sauce"    # com.demo.steps.LoginSteps.iEnterUsernameAndPassword(java.lang.String,java.lang.String)
  And I click the login button                                           # com.demo.steps.LoginSteps.iClickTheLoginButton()
  Then I should see error message "Sorry, this user has been locked out" # com.demo.steps.LoginSteps.iShouldSeeErrorMessage(java.lang.String)
⏹ Finished: Login fails with locked out user | Status: PASSED
]]></system-out>
  </testcase>
  <testcase name="runScenario[&quot;Login fails with wrong password&quot;, &quot;Login functionality&quot;](6)" classname="com.demo.runner.TestRunner" time="3.849">
    <system-out><![CDATA[
Scenario: Login fails with wrong password                              # src/test/resources/features/login.feature:25
▶ Starting: Login fails with wrong password
  Given I am on the login page                                         # com.demo.steps.LoginSteps.iAmOnTheLoginPage()
  When I enter username "standard_user" and password "wrong_password"  # com.demo.steps.LoginSteps.iEnterUsernameAndPassword(java.lang.String,java.lang.String)
  And I click the login button                                         # com.demo.steps.LoginSteps.iClickTheLoginButton()
  Then I should see error message "Username and password do not match" # com.demo.steps.LoginSteps.iShouldSeeErrorMessage(java.lang.String)
⏹ Finished: Login fails with wrong password | Status: PASSED
]]></system-out>
  </testcase>
  <testcase name="runScenario[&quot;Login fails with empty credentials&quot;, &quot;Login functionality&quot;](7)" classname="com.demo.runner.TestRunner" time="3.252">
    <system-out><![CDATA[
Scenario: Login fails with empty credentials             # src/test/resources/features/login.feature:30
▶ Starting: Login fails with empty credentials
  Given I am on the login page                           # com.demo.steps.LoginSteps.iAmOnTheLoginPage()
  When I enter username "" and password ""               # com.demo.steps.LoginSteps.iEnterUsernameAndPassword(java.lang.String,java.lang.String)
  And I click the login button                           # com.demo.steps.LoginSteps.iClickTheLoginButton()
  Then I should see error message "Username is required" # com.demo.steps.LoginSteps.iShouldSeeErrorMessage(java.lang.String)
⏹ Finished: Login fails with empty credentials | Status: PASSED
]]></system-out>
  </testcase>
</testsuite>