<?xml version="1.0" encoding="UTF-8"?>
<!-- Generated by org.testng.reporters.JUnitReportReporter -->
<testsuite hostname="Om" failures="0" tests="7" name="com.demo.runner.TestRunner" time="54.076" errors="0" timestamp="2026-03-28T15:34:53 IST" skipped="0">
  <testcase classname="com.demo.runner.TestRunner" name="runScenario" time="3.849"/>
  <testcase classname="com.demo.runner.TestRunner" name="runScenario" time="4.885"/>
  <testcase classname="com.demo.runner.TestRunner" name="runScenario" time="3.570"/>
  <testcase classname="com.demo.runner.TestRunner" name="runScenario" time="31.529"/>
  <testcase classname="com.demo.runner.TestRunner" name="runScenario" time="3.525"/>
  <testcase classname="com.demo.runner.TestRunner" name="runScenario" time="3.467"/>
  <testcase classname="com.demo.runner.TestRunner" name="runScenario" time="3.251"/>
</testsuite> <!-- com.demo.runner.TestRunner -->
